<?xml version="1.0" encoding="UTF-8"?>
<!-- Generated by org.testng.reporters.JUnitReportReporter -->
<testsuite hostname="DESKTOP-0JOHASU" failures="0" tests="1" name="com.testNG.RunTestNG" time="60.644" errors="0" timestamp="2022-10-07T10:02:19 COT" skipped="0">
  <testcase classname="com.testNG.RunTestNG" name="compra" time="60.644"/>
  <system-out/>
</testsuite> <!-- com.testNG.RunTestNG -->
